<?xml version="1.0" encoding="utf-8"?><testsuites><testsuite name="pytest" errors="1" failures="0" skipped="0" tests="1" time="0.179" timestamp="2023-10-19T22:51:45.306486" hostname="Exness-MacBook-Pro-WQGJ77K100.local"><testcase classname="tests.app.api.v1.test_customer" name="test_create_customer_produce_event" time="0.046"><error message="failed on setup with &quot;alembic.util.exc.CommandError: Path doesn't exist: '/Users/ssolovev/projects/github/takentui/kafka_example/tests/migrations'.  Please use the 'init' command to create a new scripts folder.&quot;">@pytest.fixture(autouse=True, scope="session")
    def migrate_db() -&gt; Generator[None, None, None]:
        if db_config.dsn.host not in ("postgres", "localhost"):
            raise RuntimeError("Migration for tests should be applied only on test DB")
    
        config = AlembicConfig("alembic.ini")
    
&gt;       upgrade(config, "head")

fixtures/migration.py:25: 
_ _ _ _ _ _ _ _ _ _ _ _ _ _ _ _ _ _ _ _ _ _ _ _ _ _ _ _ _ _ _ _ _ _ _ _ _ _ _ _ 
../../../../../.virtualenvs/kafka-example/lib/python3.11/site-packages/alembic/command.py:379: in upgrade
    script = ScriptDirectory.from_config(config)
../../../../../.virtualenvs/kafka-example/lib/python3.11/site-packages/alembic/script/base.py:219: in from_config
    return ScriptDirectory(
_ _ _ _ _ _ _ _ _ _ _ _ _ _ _ _ _ _ _ _ _ _ _ _ _ _ _ _ _ _ _ _ _ _ _ _ _ _ _ _ 

self = &lt;alembic.script.base.ScriptDirectory object at 0x11397a190&gt;
dir = 'migrations', file_template = '%(slug)s_%(rev)s'
truncate_slug_length = None, version_locations = None, sourceless = False
output_encoding = 'utf-8', timezone = None
hook_config = {'black.entrypoint': 'black', 'black.options': '-l 100 REVISION_SCRIPT_FILENAME', 'black.type': 'console_scripts', 'here': '/Users/ssolovev/projects/github/takentui/kafka_example/tests', ...}
recursive_version_locations = False
messaging_opts = immutabledict({'quiet': False})

    def __init__(
        self,
        dir: str,  # noqa
        file_template: str = _default_file_template,
        truncate_slug_length: Optional[int] = 40,
        version_locations: Optional[List[str]] = None,
        sourceless: bool = False,
        output_encoding: str = "utf-8",
        timezone: Optional[str] = None,
        hook_config: Optional[Mapping[str, str]] = None,
        recursive_version_locations: bool = False,
        messaging_opts: MessagingOptions = cast(
            "MessagingOptions", util.EMPTY_DICT
        ),
    ) -&gt; None:
        self.dir = dir
        self.file_template = file_template
        self.version_locations = version_locations
        self.truncate_slug_length = truncate_slug_length or 40
        self.sourceless = sourceless
        self.output_encoding = output_encoding
        self.revision_map = revision.RevisionMap(self._load_revisions)
        self.timezone = timezone
        self.hook_config = hook_config
        self.recursive_version_locations = recursive_version_locations
        self.messaging_opts = messaging_opts
    
        if not os.access(dir, os.F_OK):
&gt;           raise util.CommandError(
                "Path doesn't exist: %r.  Please use "
                "the 'init' command to create a new "
                "scripts folder." % os.path.abspath(dir)
            )
E           alembic.util.exc.CommandError: Path doesn't exist: '/Users/ssolovev/projects/github/takentui/kafka_example/tests/migrations'.  Please use the 'init' command to create a new scripts folder.

../../../../../.virtualenvs/kafka-example/lib/python3.11/site-packages/alembic/script/base.py:100: CommandError</error></testcase></testsuite></testsuites>